[ { name: 'USA',
    squads:
     [ { getAttackStr: [Function: getAttackStr],
         getAttackDamage: [Function: getAttackDamage],
         gainedExperience: [Function: gainedExperience],
         getAvgExperience: [Function: getAvgExperience],
         canAttack: [Function: canAttack],
         resetRecharge: [Function: resetRecharge],
         increaseRecharge: [Function: increaseRecharge],
         losesHealth: [Function: losesHealth],
         units:
          [ { health: 100,
              recharge: 352,
              experience: 0,
              getAttackStr: [Function],
              getAttackDamage: [Function],
              loseHealth: [Function] },
            { health: 100,
              recharge: 350,
              experience: 0,
              getAttackStr: [Function],
              getAttackDamage: [Function],
              loseHealth: [Function] } ] },
       { getAttackStr: [Function: getAttackStr],
         getAttackDamage: [Function: getAttackDamage],
         gainedExperience: [Function: gainedExperience],
         getAvgExperience: [Function: getAvgExperience],
         canAttack: [Function: canAttack],
         resetRecharge: [Function: resetRecharge],
         increaseRecharge: [Function: increaseRecharge],
         losesHealth: [Function: losesHealth],
         units:
          [ { health: 100,
              recharge: 352,
              experience: 0,
              getAttackStr: [Function],
              getAttackDamage: [Function],
              loseHealth: [Function] },
            { health: 100,
              recharge: 355,
              experience: 0,
              getAttackStr: [Function],
              getAttackDamage: [Function],
              loseHealth: [Function] } ] },
       { getAttackStr: [Function: getAttackStr],
         getAttackDamage: [Function: getAttackDamage],
         gainedExperience: [Function: gainedExperience],
         getAvgExperience: [Function: getAvgExperience],
         canAttack: [Function: canAttack],
         resetRecharge: [Function: resetRecharge],
         increaseRecharge: [Function: increaseRecharge],
         losesHealth: [Function: losesHealth],
         units:
          [ { health: 100,
              recharge: 355,
              experience: 0,
              getAttackStr: [Function],
              getAttackDamage: [Function],
              loseHealth: [Function] },
            { health: 100,
              recharge: 355,
              experience: 0,
              getAttackStr: [Function],
              getAttackDamage: [Function],
              loseHealth: [Function] } ] } ],
    increaseRecharge: [Function: increaseRecharge] },
  { name: 'China',
    squads:
     [ { getAttackStr: [Function: getAttackStr],
         getAttackDamage: [Function: getAttackDamage],
         gainedExperience: [Function: gainedExperience],
         getAvgExperience: [Function: getAvgExperience],
         canAttack: [Function: canAttack],
         resetRecharge: [Function: resetRecharge],
         increaseRecharge: [Function: increaseRecharge],
         losesHealth: [Function: losesHealth],
         units:
          [ { health: 100,
              recharge: 355,
              experience: 0,
              getAttackStr: [Function],
              getAttackDamage: [Function],
              loseHealth: [Function] },
            { health: 100,
              recharge: 350,
              experience: 0,
              getAttackStr: [Function],
              getAttackDamage: [Function],
              loseHealth: [Function] } ] },
       { getAttackStr: [Function: getAttackStr],
         getAttackDamage: [Function: getAttackDamage],
         gainedExperience: [Function: gainedExperience],
         getAvgExperience: [Function: getAvgExperience],
         canAttack: [Function: canAttack],
         resetRecharge: [Function: resetRecharge],
         increaseRecharge: [Function: increaseRecharge],
         losesHealth: [Function: losesHealth],
         units:
          [ { health: 100,
              recharge: 351,
              experience: 0,
              getAttackStr: [Function],
              getAttackDamage: [Function],
              loseHealth: [Function] },
            { health: 100,
              recharge: 355,
              experience: 0,
              getAttackStr: [Function],
              getAttackDamage: [Function],
              loseHealth: [Function] } ] } ],
    increaseRecharge: [Function: increaseRecharge] },
  { name: 'GLA',
    squads:
     [ { getAttackStr: [Function: getAttackStr],
         getAttackDamage: [Function: getAttackDamage],
         gainedExperience: [Function: gainedExperience],
         getAvgExperience: [Function: getAvgExperience],
         canAttack: [Function: canAttack],
         resetRecharge: [Function: resetRecharge],
         increaseRecharge: [Function: increaseRecharge],
         losesHealth: [Function: losesHealth],
         units:
          [ { health: 100,
              recharge: 354,
              experience: 0,
              getAttackStr: [Function],
              getAttackDamage: [Function],
              loseHealth: [Function] },
            { health: 100,
              recharge: 352,
              experience: 0,
              getAttackStr: [Function],
              getAttackDamage: [Function],
              loseHealth: [Function] } ] },
       { getAttackStr: [Function: getAttackStr],
         getAttackDamage: [Function: getAttackDamage],
         gainedExperience: [Function: gainedExperience],
         getAvgExperience: [Function: getAvgExperience],
         canAttack: [Function: canAttack],
         resetRecharge: [Function: resetRecharge],
         increaseRecharge: [Function: increaseRecharge],
         losesHealth: [Function: losesHealth],
         units:
          [ { health: 100,
              recharge: 352,
              experience: 0,
              getAttackStr: [Function],
              getAttackDamage: [Function],
              loseHealth: [Function] },
            { health: 100,
              recharge: 354,
              experience: 0,
              getAttackStr: [Function],
              getAttackDamage: [Function],
              loseHealth: [Function] } ] },
       { getAttackStr: [Function: getAttackStr],
         getAttackDamage: [Function: getAttackDamage],
         gainedExperience: [Function: gainedExperience],
         getAvgExperience: [Function: getAvgExperience],
         canAttack: [Function: canAttack],
         resetRecharge: [Function: resetRecharge],
         increaseRecharge: [Function: increaseRecharge],
         losesHealth: [Function: losesHealth],
         units:
          [ { health: 100,
              recharge: 351,
              experience: 0,
              getAttackStr: [Function],
              getAttackDamage: [Function],
              loseHealth: [Function] },
            { health: 100,
              recharge: 352,
              experience: 0,
              getAttackStr: [Function],
              getAttackDamage: [Function],
              loseHealth: [Function] } ] },
       { getAttackStr: [Function: getAttackStr],
         getAttackDamage: [Function: getAttackDamage],
         gainedExperience: [Function: gainedExperience],
         getAvgExperience: [Function: getAvgExperience],
         canAttack: [Function: canAttack],
         resetRecharge: [Function: resetRecharge],
         increaseRecharge: [Function: increaseRecharge],
         losesHealth: [Function: losesHealth],
         units:
          [ { health: 100,
              recharge: 355,
              experience: 0,
              getAttackStr: [Function],
              getAttackDamage: [Function],
              loseHealth: [Function] },
            { health: 100,
              recharge: 350,
              experience: 0,
              getAttackStr: [Function],
              getAttackDamage: [Function],
              loseHealth: [Function] } ] } ],
    increaseRecharge: [Function: increaseRecharge] } ]
A squad has disappeared from the battlefield: { name: 'China',
  squads:
   [ { getAttackStr: [Function: getAttackStr],
       getAttackDamage: [Function: getAttackDamage],
       gainedExperience: [Function: gainedExperience],
       getAvgExperience: [Function: getAvgExperience],
       canAttack: [Function: canAttack],
       resetRecharge: [Function: resetRecharge],
       increaseRecharge: [Function: increaseRecharge],
       losesHealth: [Function: losesHealth],
       units:
        [ { health: 6.549999999999997,
            recharge: 79750,
            experience: 44,
            getAttackStr: [Function],
            getAttackDamage: [Function],
            loseHealth: [Function] },
          { health: 6.549999999999997,
            recharge: 79750,
            experience: 44,
            getAttackStr: [Function],
            getAttackDamage: [Function],
            loseHealth: [Function] } ] },
     { getAttackStr: [Function: getAttackStr],
       getAttackDamage: [Function: getAttackDamage],
       gainedExperience: [Function: gainedExperience],
       getAvgExperience: [Function: getAvgExperience],
       canAttack: [Function: canAttack],
       resetRecharge: [Function: resetRecharge],
       increaseRecharge: [Function: increaseRecharge],
       losesHealth: [Function: losesHealth],
       units: [] } ],
  increaseRecharge: [Function: increaseRecharge] }
A squad has disappeared from the battlefield: { name: 'China',
  squads:
   [ { getAttackStr: [Function: getAttackStr],
       getAttackDamage: [Function: getAttackDamage],
       gainedExperience: [Function: gainedExperience],
       getAvgExperience: [Function: getAvgExperience],
       canAttack: [Function: canAttack],
       resetRecharge: [Function: resetRecharge],
       increaseRecharge: [Function: increaseRecharge],
       losesHealth: [Function: losesHealth],
       units: [] } ],
  increaseRecharge: [Function: increaseRecharge] }
An army has disappeared from the battlefield: { name: 'China',
  squads: [],
  increaseRecharge: [Function: increaseRecharge] }
Armies remaining: [ { name: 'GLA',
    squads:
     [ { getAttackStr: [Function: getAttackStr],
         getAttackDamage: [Function: getAttackDamage],
         gainedExperience: [Function: gainedExperience],
         getAvgExperience: [Function: getAvgExperience],
         canAttack: [Function: canAttack],
         resetRecharge: [Function: resetRecharge],
         increaseRecharge: [Function: increaseRecharge],
         losesHealth: [Function: losesHealth],
         units:
          [ { health: 90.39,
              recharge: 1750,
              experience: 93,
              getAttackStr: [Function],
              getAttackDamage: [Function],
              loseHealth: [Function] },
            { health: 90.39,
              recharge: 1750,
              experience: 93,
              getAttackStr: [Function],
              getAttackDamage: [Function],
              loseHealth: [Function] } ] },
       { getAttackStr: [Function: getAttackStr],
         getAttackDamage: [Function: getAttackDamage],
         gainedExperience: [Function: gainedExperience],
         getAvgExperience: [Function: getAvgExperience],
         canAttack: [Function: canAttack],
         resetRecharge: [Function: resetRecharge],
         increaseRecharge: [Function: increaseRecharge],
         losesHealth: [Function: losesHealth],
         units:
          [ { health: 93.72000000000001,
              recharge: 1000,
              experience: 94,
              getAttackStr: [Function],
              getAttackDamage: [Function],
              loseHealth: [Function] },
            { health: 93.72000000000001,
              recharge: 1000,
              experience: 94,
              getAttackStr: [Function],
              getAttackDamage: [Function],
              loseHealth: [Function] } ] },
       { getAttackStr: [Function: getAttackStr],
         getAttackDamage: [Function: getAttackDamage],
         gainedExperience: [Function: gainedExperience],
         getAvgExperience: [Function: getAvgExperience],
         canAttack: [Function: canAttack],
         resetRecharge: [Function: resetRecharge],
         increaseRecharge: [Function: increaseRecharge],
         losesHealth: [Function: losesHealth],
         units:
          [ { health: 91.1,
              recharge: 750,
              experience: 95,
              getAttackStr: [Function],
              getAttackDamage: [Function],
              loseHealth: [Function] },
            { health: 91.1,
              recharge: 750,
              experience: 95,
              getAttackStr: [Function],
              getAttackDamage: [Function],
              loseHealth: [Function] } ] },
       { getAttackStr: [Function: getAttackStr],
         getAttackDamage: [Function: getAttackDamage],
         gainedExperience: [Function: gainedExperience],
         getAvgExperience: [Function: getAvgExperience],
         canAttack: [Function: canAttack],
         resetRecharge: [Function: resetRecharge],
         increaseRecharge: [Function: increaseRecharge],
         losesHealth: [Function: losesHealth],
         units:
          [ { health: 92.16999999999999,
              recharge: 1750,
              experience: 93,
              getAttackStr: [Function],
              getAttackDamage: [Function],
              loseHealth: [Function] },
            { health: 92.16999999999999,
              recharge: 1750,
              experience: 93,
              getAttackStr: [Function],
              getAttackDamage: [Function],
              loseHealth: [Function] } ] } ],
    increaseRecharge: [Function: increaseRecharge] },
  { name: 'USA',
    squads:
     [ { getAttackStr: [Function: getAttackStr],
         getAttackDamage: [Function: getAttackDamage],
         gainedExperience: [Function: gainedExperience],
         getAvgExperience: [Function: getAvgExperience],
         canAttack: [Function: canAttack],
         resetRecharge: [Function: resetRecharge],
         increaseRecharge: [Function: increaseRecharge],
         losesHealth: [Function: losesHealth],
         units:
          [ { health: 65.10999999999999,
              recharge: 0,
              experience: 84,
              getAttackStr: [Function],
              getAttackDamage: [Function],
              loseHealth: [Function] },
            { health: 65.10999999999999,
              recharge: 0,
              experience: 84,
              getAttackStr: [Function],
              getAttackDamage: [Function],
              loseHealth: [Function] } ] },
       { getAttackStr: [Function: getAttackStr],
         getAttackDamage: [Function: getAttackDamage],
         gainedExperience: [Function: gainedExperience],
         getAvgExperience: [Function: getAvgExperience],
         canAttack: [Function: canAttack],
         resetRecharge: [Function: resetRecharge],
         increaseRecharge: [Function: increaseRecharge],
         losesHealth: [Function: losesHealth],
         units:
          [ { health: 56.45999999999995,
              recharge: 0,
              experience: 82,
              getAttackStr: [Function],
              getAttackDamage: [Function],
              loseHealth: [Function] },
            { health: 56.45999999999995,
              recharge: 0,
              experience: 82,
              getAttackStr: [Function],
              getAttackDamage: [Function],
              loseHealth: [Function] } ] },
       { getAttackStr: [Function: getAttackStr],
         getAttackDamage: [Function: getAttackDamage],
         gainedExperience: [Function: gainedExperience],
         getAvgExperience: [Function: getAvgExperience],
         canAttack: [Function: canAttack],
         resetRecharge: [Function: resetRecharge],
         increaseRecharge: [Function: increaseRecharge],
         losesHealth: [Function: losesHealth],
         units:
          [ { health: 78.26000000000002,
              recharge: 0,
              experience: 90,
              getAttackStr: [Function],
              getAttackDamage: [Function],
              loseHealth: [Function] },
            { health: 78.26000000000002,
              recharge: 0,
              experience: 90,
              getAttackStr: [Function],
              getAttackDamage: [Function],
              loseHealth: [Function] } ] } ],
    increaseRecharge: [Function: increaseRecharge] } ]
A squad has disappeared from the battlefield: { name: 'USA',
  squads:
   [ { getAttackStr: [Function: getAttackStr],
       getAttackDamage: [Function: getAttackDamage],
       gainedExperience: [Function: gainedExperience],
       getAvgExperience: [Function: getAvgExperience],
       canAttack: [Function: canAttack],
       resetRecharge: [Function: resetRecharge],
       increaseRecharge: [Function: increaseRecharge],
       losesHealth: [Function: losesHealth],
       units:
        [ { health: 0.799999999999971,
            recharge: 74250,
            experience: 84,
            getAttackStr: [Function],
            getAttackDamage: [Function],
            loseHealth: [Function] },
          { health: 0.799999999999971,
            recharge: 74250,
            experience: 84,
            getAttackStr: [Function],
            getAttackDamage: [Function],
            loseHealth: [Function] } ] },
     { getAttackStr: [Function: getAttackStr],
       getAttackDamage: [Function: getAttackDamage],
       gainedExperience: [Function: gainedExperience],
       getAvgExperience: [Function: getAvgExperience],
       canAttack: [Function: canAttack],
       resetRecharge: [Function: resetRecharge],
       increaseRecharge: [Function: increaseRecharge],
       losesHealth: [Function: losesHealth],
       units: [] },
     { getAttackStr: [Function: getAttackStr],
       getAttackDamage: [Function: getAttackDamage],
       gainedExperience: [Function: gainedExperience],
       getAvgExperience: [Function: getAvgExperience],
       canAttack: [Function: canAttack],
       resetRecharge: [Function: resetRecharge],
       increaseRecharge: [Function: increaseRecharge],
       losesHealth: [Function: losesHealth],
       units:
        [ { health: 25.440000000000026,
            recharge: 74250,
            experience: 90,
            getAttackStr: [Function],
            getAttackDamage: [Function],
            loseHealth: [Function] },
          { health: 25.440000000000026,
            recharge: 74250,
            experience: 90,
            getAttackStr: [Function],
            getAttackDamage: [Function],
            loseHealth: [Function] } ] } ],
  increaseRecharge: [Function: increaseRecharge] }
A squad has disappeared from the battlefield: { name: 'USA',
  squads:
   [ { getAttackStr: [Function: getAttackStr],
       getAttackDamage: [Function: getAttackDamage],
       gainedExperience: [Function: gainedExperience],
       getAvgExperience: [Function: getAvgExperience],
       canAttack: [Function: canAttack],
       resetRecharge: [Function: resetRecharge],
       increaseRecharge: [Function: increaseRecharge],
       losesHealth: [Function: losesHealth],
       units: [] },
     { getAttackStr: [Function: getAttackStr],
       getAttackDamage: [Function: getAttackDamage],
       gainedExperience: [Function: gainedExperience],
       getAvgExperience: [Function: getAvgExperience],
       canAttack: [Function: canAttack],
       resetRecharge: [Function: resetRecharge],
       increaseRecharge: [Function: increaseRecharge],
       losesHealth: [Function: losesHealth],
       units:
        [ { health: 24.080000000000027,
            recharge: 76250,
            experience: 90,
            getAttackStr: [Function],
            getAttackDamage: [Function],
            loseHealth: [Function] },
          { health: 24.080000000000027,
            recharge: 76250,
            experience: 90,
            getAttackStr: [Function],
            getAttackDamage: [Function],
            loseHealth: [Function] } ] } ],
  increaseRecharge: [Function: increaseRecharge] }
A squad has disappeared from the battlefield: { name: 'USA',
  squads:
   [ { getAttackStr: [Function: getAttackStr],
       getAttackDamage: [Function: getAttackDamage],
       gainedExperience: [Function: gainedExperience],
       getAvgExperience: [Function: getAvgExperience],
       canAttack: [Function: canAttack],
       resetRecharge: [Function: resetRecharge],
       increaseRecharge: [Function: increaseRecharge],
       losesHealth: [Function: losesHealth],
       units: [] } ],
  increaseRecharge: [Function: increaseRecharge] }
An army has disappeared from the battlefield: { name: 'USA',
  squads: [],
  increaseRecharge: [Function: increaseRecharge] }
Armies remaining: [ { name: 'GLA',
    squads:
     [ { getAttackStr: [Function: getAttackStr],
         getAttackDamage: [Function: getAttackDamage],
         gainedExperience: [Function: gainedExperience],
         getAvgExperience: [Function: getAvgExperience],
         canAttack: [Function: canAttack],
         resetRecharge: [Function: resetRecharge],
         increaseRecharge: [Function: increaseRecharge],
         losesHealth: [Function: losesHealth],
         units:
          [ { health: 90.39,
              recharge: 1000,
              experience: 136,
              getAttackStr: [Function],
              getAttackDamage: [Function],
              loseHealth: [Function] },
            { health: 90.39,
              recharge: 1000,
              experience: 136,
              getAttackStr: [Function],
              getAttackDamage: [Function],
              loseHealth: [Function] } ] },
       { getAttackStr: [Function: getAttackStr],
         getAttackDamage: [Function: getAttackDamage],
         gainedExperience: [Function: gainedExperience],
         getAvgExperience: [Function: getAvgExperience],
         canAttack: [Function: canAttack],
         resetRecharge: [Function: resetRecharge],
         increaseRecharge: [Function: increaseRecharge],
         losesHealth: [Function: losesHealth],
         units:
          [ { health: 93.72000000000001,
              recharge: 250,
              experience: 137,
              getAttackStr: [Function],
              getAttackDamage: [Function],
              loseHealth: [Function] },
            { health: 93.72000000000001,
              recharge: 250,
              experience: 137,
              getAttackStr: [Function],
              getAttackDamage: [Function],
              loseHealth: [Function] } ] },
       { getAttackStr: [Function: getAttackStr],
         getAttackDamage: [Function: getAttackDamage],
         gainedExperience: [Function: gainedExperience],
         getAvgExperience: [Function: getAvgExperience],
         canAttack: [Function: canAttack],
         resetRecharge: [Function: resetRecharge],
         increaseRecharge: [Function: increaseRecharge],
         losesHealth: [Function: losesHealth],
         units:
          [ { health: 91.1,
              recharge: 0,
              experience: 138,
              getAttackStr: [Function],
              getAttackDamage: [Function],
              loseHealth: [Function] },
            { health: 91.1,
              recharge: 0,
              experience: 138,
              getAttackStr: [Function],
              getAttackDamage: [Function],
              loseHealth: [Function] } ] },
       { getAttackStr: [Function: getAttackStr],
         getAttackDamage: [Function: getAttackDamage],
         gainedExperience: [Function: gainedExperience],
         getAvgExperience: [Function: getAvgExperience],
         canAttack: [Function: canAttack],
         resetRecharge: [Function: resetRecharge],
         increaseRecharge: [Function: increaseRecharge],
         losesHealth: [Function: losesHealth],
         units:
          [ { health: 92.16999999999999,
              recharge: 1000,
              experience: 136,
              getAttackStr: [Function],
              getAttackDamage: [Function],
              loseHealth: [Function] },
            { health: 92.16999999999999,
              recharge: 1000,
              experience: 136,
              getAttackStr: [Function],
              getAttackDamage: [Function],
              loseHealth: [Function] } ] } ],
    increaseRecharge: [Function: increaseRecharge] } ]
